<?xml version="1.0" encoding="UTF-8"?>
<!-- Generated by org.testng.reporters.JUnitXMLReporter -->
<testsuite hostname="LAPTOP-70BEO6KF" ignored="1" name="Surefire test" tests="1" failures="0" timestamp="2020-03-21T17:24:32 GMT" time="48.435" errors="0">
  <testcase name="userShouldAbletoRegisterSuccessfully" time="35.673" classname="org.example.TestSuit"/>
  <testcase name="@BeforeTest setUp" time="0.0" classname="org.example.BaseTest">
    <ignored/>
  </testcase> <!-- @BeforeTest setUp -->
</testsuite> <!-- Surefire test -->
