<?xml version="1.0" encoding="UTF-8"?>
<testng-results skipped="0" failed="0" ignored="1" total="2" passed="1">
  <reporter-output>
  </reporter-output>
  <suite name="Surefire suite" duration-ms="48435" started-at="2020-03-21T17:23:43 GMT" finished-at="2020-03-21T17:24:32 GMT">
    <groups>
    </groups>
    <test name="Surefire test" duration-ms="48435" started-at="2020-03-21T17:23:43 GMT" finished-at="2020-03-21T17:24:32 GMT">
      <class name="org.example.BaseTest">
        <test-method status="PASS" signature="setUp()[pri:0, instance:org.example.BaseTest@4e1d422d]" name="setUp" is-config="true" duration-ms="12715" started-at="2020-03-21T17:23:43 GMT" finished-at="2020-03-21T17:23:56 GMT">
          <reporter-output>
          </reporter-output>
        </test-method> <!-- setUp -->
      </class> <!-- org.example.BaseTest -->
      <class name="org.example.TestSuit">
        <test-method status="PASS" signature="userShouldAbletoRegisterSuccessfully()[pri:0, instance:org.example.TestSuit@66480dd7]" name="userShouldAbletoRegisterSuccessfully" duration-ms="35673" started-at="2020-03-21T17:23:56 GMT" finished-at="2020-03-21T17:24:32 GMT">
          <reporter-output>
          </reporter-output>
        </test-method> <!-- userShouldAbletoRegisterSuccessfully -->
      </class> <!-- org.example.TestSuit -->
    </test> <!-- Surefire test -->
  </suite> <!-- Surefire suite -->
</testng-results>
